<?xml version="1.0" encoding="UTF-8"?>
<!-- Generated by org.testng.reporters.JUnitXMLReporter -->
<testsuite hostname="LAPTOP-NTNOL46I" ignored="0" name="Test" tests="2" failures="2" timestamp="2021-07-23T11:01:02 IST" time="4.536" errors="0">
  <testcase name="basePageNavigation" time="1.318" classname="qaclickacademy.Mavenjava.HomePage">
    <failure type="java.lang.AssertionError" message="expected [ALL ACCESS SUBSCRIPTIONs] but found [ALL ACCESS SUBSCRIPTION]">
      <![CDATA[java.lang.AssertionError: expected [ALL ACCESS SUBSCRIPTIONs] but found [ALL ACCESS SUBSCRIPTION]
at qaclickacademy.Mavenjava.HomePage.basePageNavigation(HomePage.java:35)
at java.util.ArrayList.forEach(ArrayList.java:1259)
at java.util.concurrent.FutureTask.run(FutureTask.java:266)
at java.util.concurrent.ThreadPoolExecutor.runWorker(ThreadPoolExecutor.java:1149)
at java.util.concurrent.ThreadPoolExecutor$Worker.run(ThreadPoolExecutor.java:624)
at java.lang.Thread.run(Thread.java:748)
... Removed 24 stack frames]]>
    </failure>
  </testcase> <!-- basePageNavigation -->
  <testcase name="basePageNavigation" time="0.463" classname="qaclickacademy.Mavenjava.HomePage">
    <failure type="java.lang.AssertionError" message="expected [ALL ACCESS SUBSCRIPTIONs] but found [ALL ACCESS SUBSCRIPTION]">
      <![CDATA[java.lang.AssertionError: expected [ALL ACCESS SUBSCRIPTIONs] but found [ALL ACCESS SUBSCRIPTION]
at qaclickacademy.Mavenjava.HomePage.basePageNavigation(HomePage.java:35)
at java.util.ArrayList.forEach(ArrayList.java:1259)
at java.util.concurrent.FutureTask.run(FutureTask.java:266)
at java.util.concurrent.ThreadPoolExecutor.runWorker(ThreadPoolExecutor.java:1149)
at java.util.concurrent.ThreadPoolExecutor$Worker.run(ThreadPoolExecutor.java:624)
at java.lang.Thread.run(Thread.java:748)
... Removed 24 stack frames]]>
    </failure>
  </testcase> <!-- basePageNavigation -->
</testsuite> <!-- Test -->
