<?xml version="1.0" encoding="UTF-8"?>
<!-- Generated by org.testng.reporters.JUnitXMLReporter -->
<testsuite hostname="LAPTOP-NTNOL46I" name="Test" tests="2"
	failures="2" timestamp="19 Jul 2021 12:53:20 GMT" time="4.253"
	errors="0">
	<testcase name="basePageNavigation" time="1.391"
		classname="qaclickacademy.Mavenjava.HomePage">
		<failure type="java.lang.AssertionError"
			message="expected [ALL ACCESS SUBSCRIPTIONs] but found [ALL ACCESS SUBSCRIPTION]">
      <![CDATA[java.lang.AssertionError: expected [ALL ACCESS SUBSCRIPTIONs] but found [ALL ACCESS SUBSCRIPTION]
	at qaclickacademy.Mavenjava.HomePage.basePageNavigation(HomePage.java:35)
	at java.util.concurrent.FutureTask.run(FutureTask.java:266)
	at java.util.concurrent.ThreadPoolExecutor.runWorker(ThreadPoolExecutor.java:1149)
	at java.util.concurrent.ThreadPoolExecutor$Worker.run(ThreadPoolExecutor.java:624)
	at java.lang.Thread.run(Thread.java:748)
... Removed 21 stack frames]]>
		</failure>
	</testcase> <!-- basePageNavigation -->
	<testcase name="basePageNavigation" time="0.448"
		classname="qaclickacademy.Mavenjava.HomePage">
		<failure type="java.lang.AssertionError"
			message="expected [ALL ACCESS SUBSCRIPTIONs] but found [ALL ACCESS SUBSCRIPTION]">
      <![CDATA[java.lang.AssertionError: expected [ALL ACCESS SUBSCRIPTIONs] but found [ALL ACCESS SUBSCRIPTION]
	at qaclickacademy.Mavenjava.HomePage.basePageNavigation(HomePage.java:35)
	at java.util.concurrent.FutureTask.run(FutureTask.java:266)
	at java.util.concurrent.ThreadPoolExecutor.runWorker(ThreadPoolExecutor.java:1149)
	at java.util.concurrent.ThreadPoolExecutor$Worker.run(ThreadPoolExecutor.java:624)
	at java.lang.Thread.run(Thread.java:748)
... Removed 21 stack frames]]>
		</failure>
	</testcase> <!-- basePageNavigation -->
</testsuite> <!-- Test -->
