<?xml version="1.0" encoding="UTF-8"?>
<testng-results skipped="0" failed="0" total="1" passed="1">
  <reporter-output>
  </reporter-output>
  <suite name="Suite" duration-ms="478" started-at="2021-07-22T12:40:04Z" finished-at="2021-07-22T12:40:05Z">
    <groups>
      <group name="cucumber">
        <method signature="AbstractTestNGCucumberTests.runScenario(io.cucumber.testng.PickleWrapper, io.cucumber.testng.FeatureWrapper)[pri:0, instance:Runner.RunnerTestNG@491666ad]" name="runScenario" class="io.cucumber.testng.AbstractTestNGCucumberTests"/>
      </group> <!-- cucumber -->
    </groups>
    <test name="Validating User login" duration-ms="478" started-at="2021-07-22T12:40:04Z" finished-at="2021-07-22T12:40:05Z">
      <class name="Runner.RunnerTestNG">
        <test-method status="PASS" signature="setUpClass()[pri:0, instance:Runner.RunnerTestNG@491666ad]" name="setUpClass" is-config="true" duration-ms="193" started-at="2021-07-22T18:10:04Z" finished-at="2021-07-22T18:10:04Z">
          <reporter-output>
          </reporter-output>
        </test-method> <!-- setUpClass -->
        <test-method status="PASS" signature="runScenario(io.cucumber.testng.PickleWrapper, io.cucumber.testng.FeatureWrapper)[pri:0, instance:Runner.RunnerTestNG@491666ad]" name="runScenario" duration-ms="272" started-at="2021-07-22T18:10:04Z" description="Runs Cucumber Scenarios" data-provider="scenarios" finished-at="2021-07-22T18:10:05Z">
          <params>
            <param index="0">
              <value>
                <![CDATA["Application login validation"]]>
              </value>
            </param>
            <param index="1">
              <value>
                <![CDATA["Optional[Application login]"]]>
              </value>
            </param>
          </params>
          <reporter-output>
          </reporter-output>
        </test-method> <!-- runScenario -->
        <test-method status="PASS" signature="tearDownClass()[pri:0, instance:Runner.RunnerTestNG@491666ad]" name="tearDownClass" is-config="true" duration-ms="6" started-at="2021-07-22T18:10:05Z" finished-at="2021-07-22T18:10:05Z">
          <reporter-output>
          </reporter-output>
        </test-method> <!-- tearDownClass -->
      </class> <!-- Runner.RunnerTestNG -->
    </test> <!-- Validating User login -->
  </suite> <!-- Suite -->
</testng-results>
