<?xml version="1.0" encoding="UTF-8"?>
<testng-results ignored="0" total="1" passed="1" failed="0" skipped="0">
  <reporter-output>
  </reporter-output>
  <suite started-at="2021-07-22T17:58:22 IST" name="Suite" finished-at="2021-07-22T17:58:22 IST" duration-ms="487">
    <groups>
      <group name="cucumber">
        <method signature="AbstractTestNGCucumberTests.runScenario(io.cucumber.testng.PickleWrapper,io.cucumber.testng.FeatureWrapper)[pri:0, instance:Runner.RunnerTestNG@19c65cdc]" name="runScenario" class="io.cucumber.testng.AbstractTestNGCucumberTests"/>
      </group> <!-- cucumber -->
    </groups>
    <test started-at="2021-07-22T17:58:22 IST" name="Validating User login" finished-at="2021-07-22T17:58:22 IST" duration-ms="487">
      <class name="Runner.RunnerTestNG">
        <test-method is-config="true" signature="setUpClass()[pri:0, instance:Runner.RunnerTestNG@19c65cdc]" started-at="2021-07-22T17:58:22 IST" name="setUpClass" finished-at="2021-07-22T17:58:22 IST" duration-ms="167" status="PASS">
          <reporter-output>
          </reporter-output>
        </test-method> <!-- setUpClass -->
        <test-method signature="runScenario(io.cucumber.testng.PickleWrapper,io.cucumber.testng.FeatureWrapper)[pri:0, instance:Runner.RunnerTestNG@19c65cdc]" started-at="2021-07-22T17:58:22 IST" name="runScenario" description="Runs Cucumber Scenarios" data-provider="scenarios" finished-at="2021-07-22T17:58:22 IST" duration-ms="291" status="PASS">
          <params>
            <param index="0">
              <value>
                <![CDATA["Application login validation"]]>
              </value>
            </param>
            <param index="1">
              <value>
                <![CDATA["Optional[Application login]"]]>
              </value>
            </param>
          </params>
          <reporter-output>
          </reporter-output>
        </test-method> <!-- runScenario -->
        <test-method is-config="true" signature="tearDownClass()[pri:0, instance:Runner.RunnerTestNG@19c65cdc]" started-at="2021-07-22T17:58:22 IST" name="tearDownClass" finished-at="2021-07-22T17:58:22 IST" duration-ms="5" status="PASS">
          <reporter-output>
          </reporter-output>
        </test-method> <!-- tearDownClass -->
      </class> <!-- Runner.RunnerTestNG -->
    </test> <!-- Validating User login -->
  </suite> <!-- Suite -->
</testng-results>
