<?xml version="1.0" encoding="UTF-8"?>
<testng-results skipped="0" failed="0" ignored="0" total="1" passed="1">
  <reporter-output>
  </reporter-output>
  <suite name="Default suite" duration-ms="11402" started-at="2021-07-23T14:16:01 IST" finished-at="2021-07-23T14:16:12 IST">
    <groups>
      <group name="cucumber">
        <method signature="AbstractTestNGCucumberTests.runScenario(io.cucumber.testng.PickleWrapper,io.cucumber.testng.FeatureWrapper)[pri:0, instance:Runner.RunnerTestNG@612fc6eb]" name="runScenario" class="io.cucumber.testng.AbstractTestNGCucumberTests"/>
      </group> <!-- cucumber -->
    </groups>
    <test name="Default test" duration-ms="11402" started-at="2021-07-23T14:16:01 IST" finished-at="2021-07-23T14:16:12 IST">
      <class name="Runner.RunnerTestNG">
        <test-method status="PASS" signature="setUpClass()[pri:0, instance:Runner.RunnerTestNG@612fc6eb]" name="setUpClass" is-config="true" duration-ms="245" started-at="2021-07-23T14:16:01 IST" finished-at="2021-07-23T14:16:01 IST">
          <reporter-output>
          </reporter-output>
        </test-method> <!-- setUpClass -->
        <test-method status="PASS" signature="runScenario(io.cucumber.testng.PickleWrapper,io.cucumber.testng.FeatureWrapper)[pri:0, instance:Runner.RunnerTestNG@612fc6eb]" name="runScenario" duration-ms="11114" started-at="2021-07-23T14:16:01 IST" description="Runs Cucumber Scenarios" data-provider="scenarios" finished-at="2021-07-23T14:16:12 IST">
          <params>
            <param index="0">
              <value>
                <![CDATA["Application login validation"]]>
              </value>
            </param>
            <param index="1">
              <value>
                <![CDATA["Optional[Application login]"]]>
              </value>
            </param>
          </params>
          <reporter-output>
          </reporter-output>
        </test-method> <!-- runScenario -->
        <test-method status="PASS" signature="tearDownClass()[pri:0, instance:Runner.RunnerTestNG@612fc6eb]" name="tearDownClass" is-config="true" duration-ms="8" started-at="2021-07-23T14:16:12 IST" finished-at="2021-07-23T14:16:12 IST">
          <reporter-output>
          </reporter-output>
        </test-method> <!-- tearDownClass -->
      </class> <!-- Runner.RunnerTestNG -->
    </test> <!-- Default test -->
  </suite> <!-- Default suite -->
</testng-results>
